<?xml version="1.0" encoding="UTF-8"?>
<testng-results ignored="0" total="1" passed="1" failed="0" skipped="0">
  <reporter-output>
  </reporter-output>
  <suite started-at="2025-09-10T16:28:19 IST" name="Suite" finished-at="2025-09-10T16:28:38 IST" duration-ms="18570">
    <groups>
    </groups>
    <test started-at="2025-09-10T16:28:19 IST" name="Test" finished-at="2025-09-10T16:28:38 IST" duration-ms="18570">
      <class name="testCases.TC001_RegisterUser">
        <test-method is-config="true" signature="setup(java.lang.String,java.lang.String)[pri:0, instance:testCases.TC001_RegisterUser@70a36a66]" started-at="2025-09-10T16:28:20 IST" name="setup" finished-at="2025-09-10T16:28:32 IST" duration-ms="12119" status="PASS">
          <params>
            <param index="0">
              <value>
                <![CDATA[edge]]>
              </value>
            </param>
            <param index="1">
              <value>
                <![CDATA[windows]]>
              </value>
            </param>
          </params>
          <reporter-output>
          </reporter-output>
        </test-method> <!-- setup -->
        <test-method signature="RegisterUserTest()[pri:0, instance:testCases.TC001_RegisterUser@70a36a66]" started-at="2025-09-10T16:28:32 IST" name="RegisterUserTest" finished-at="2025-09-10T16:28:37 IST" duration-ms="4123" status="PASS">
          <reporter-output>
          </reporter-output>
        </test-method> <!-- RegisterUserTest -->
        <test-method is-config="true" signature="tearDown()[pri:0, instance:testCases.TC001_RegisterUser@70a36a66]" started-at="2025-09-10T16:28:37 IST" name="tearDown" finished-at="2025-09-10T16:28:38 IST" duration-ms="1181" status="PASS">
          <reporter-output>
          </reporter-output>
        </test-method> <!-- tearDown -->
      </class> <!-- testCases.TC001_RegisterUser -->
    </test> <!-- Test -->
  </suite> <!-- Suite -->
</testng-results>
