<?xml version="1.0" encoding="UTF-8"?>
<!-- Generated by org.testng.reporters.JUnitXMLReporter -->
<testsuite ignored="0" hostname="DESKTOP-JUA9SJ7" failures="2" tests="3" name="Test" time="63.281" errors="0" timestamp="2025-09-11T15:51:28 IST">
  <testcase classname="testCases.TC003_LoginDDT" name="LoginWithDDT" time="20.274">
    <failure type="java.lang.AssertionError" message="null">
      <![CDATA[java.lang.AssertionError: null
at testCases.TC003_LoginDDT.LoginWithDDT(TC003_LoginDDT.java:65)
at java.base/java.util.ArrayList.forEach(ArrayList.java:1596)
... Removed 27 stack frames]]>
    </failure>
  </testcase> <!-- LoginWithDDT -->
  <testcase classname="testCases.TC003_LoginDDT" name="LoginWithDDT" time="13.059"/>
  <testcase classname="testCases.TC003_LoginDDT" name="LoginWithDDT" time="13.585">
    <failure type="java.lang.AssertionError" message="null">
      <![CDATA[java.lang.AssertionError: null
at testCases.TC003_LoginDDT.LoginWithDDT(TC003_LoginDDT.java:65)
at java.base/java.util.ArrayList.forEach(ArrayList.java:1596)
... Removed 27 stack frames]]>
    </failure>
  </testcase> <!-- LoginWithDDT -->
</testsuite> <!-- Test -->
